2026-04-24 21:03:07,890 - INFO - Running indexing pipeline...
2026-04-24 21:03:07,891 - ERROR - RAG pipeline failed: PDF not found at data/raw/source.pdf
2026-04-24 21:06:18,724 - INFO - Running indexing pipeline...
2026-04-24 21:06:18,725 - ERROR - RAG pipeline failed: PDF not found at data/raw/source.pdf
2026-04-24 21:10:00,764 - ERROR - PDF not found at data/raw/source.pdf
2026-04-24 21:10:46,889 - ERROR - PDF not found at data/raw/source.pdf
2026-04-24 21:17:03,975 - INFO - Processed 0/375 chunks
2026-04-24 21:17:17,773 - INFO - Processed 50/375 chunks
2026-04-24 21:17:30,570 - INFO - Processed 100/375 chunks
2026-04-24 21:17:44,800 - INFO - Processed 150/375 chunks
2026-04-24 21:17:58,155 - INFO - Processed 200/375 chunks
2026-04-24 21:18:11,277 - INFO - Processed 250/375 chunks
2026-04-24 21:18:24,951 - INFO - Processed 300/375 chunks
2026-04-24 21:18:39,010 - INFO - Processed 350/375 chunks
2026-04-24 21:18:46,156 - ERROR - Insert failed at index 0: can't adapt type 'dict'
2026-04-24 21:18:46,170 - ERROR - Insert failed at index 1: can't adapt type 'dict'
2026-04-24 21:18:46,194 - ERROR - Insert failed at index 2: can't adapt type 'dict'
2026-04-24 21:18:46,221 - ERROR - Insert failed at index 3: can't adapt type 'dict'
2026-04-24 21:18:46,240 - ERROR - Insert failed at index 4: can't adapt type 'dict'
2026-04-24 21:18:46,253 - ERROR - Insert failed at index 5: can't adapt type 'dict'
2026-04-24 21:18:46,266 - ERROR - Insert failed at index 6: can't adapt type 'dict'
2026-04-24 21:18:46,291 - ERROR - Insert failed at index 7: can't adapt type 'dict'
2026-04-24 21:18:46,312 - ERROR - Insert failed at index 8: can't adapt type 'dict'
2026-04-24 21:18:46,335 - ERROR - Insert failed at index 9: can't adapt type 'dict'
2026-04-24 21:18:46,357 - ERROR - Insert failed at index 10: can't adapt type 'dict'
2026-04-24 21:18:46,369 - ERROR - Insert failed at index 11: can't adapt type 'dict'
2026-04-24 21:18:46,391 - ERROR - Insert failed at index 12: can't adapt type 'dict'
2026-04-24 21:18:46,404 - ERROR - Insert failed at index 13: can't adapt type 'dict'
2026-04-24 21:18:46,416 - ERROR - Insert failed at index 14: can't adapt type 'dict'
2026-04-24 21:18:46,445 - ERROR - Insert failed at index 15: can't adapt type 'dict'
2026-04-24 21:18:46,475 - ERROR - Insert failed at index 16: can't adapt type 'dict'
2026-04-24 21:18:46,487 - ERROR - Insert failed at index 17: can't adapt type 'dict'
2026-04-24 21:18:46,499 - ERROR - Insert failed at index 18: can't adapt type 'dict'
2026-04-24 21:18:46,512 - ERROR - Insert failed at index 19: can't adapt type 'dict'
2026-04-24 21:18:46,525 - ERROR - Insert failed at index 20: can't adapt type 'dict'
2026-04-24 21:18:46,537 - ERROR - Insert failed at index 21: can't adapt type 'dict'
2026-04-24 21:18:46,550 - ERROR - Insert failed at index 22: can't adapt type 'dict'
2026-04-24 21:18:46,562 - ERROR - Insert failed at index 23: can't adapt type 'dict'
2026-04-24 21:18:46,573 - ERROR - Insert failed at index 24: can't adapt type 'dict'
2026-04-24 21:18:46,586 - ERROR - Insert failed at index 25: can't adapt type 'dict'
2026-04-24 21:18:46,622 - ERROR - Insert failed at index 26: can't adapt type 'dict'
2026-04-24 21:18:46,651 - ERROR - Insert failed at index 27: can't adapt type 'dict'
2026-04-24 21:18:46,662 - ERROR - Insert failed at index 28: can't adapt type 'dict'
2026-04-24 21:18:46,674 - ERROR - Insert failed at index 29: can't adapt type 'dict'
2026-04-24 21:18:46,686 - ERROR - Insert failed at index 30: can't adapt type 'dict'
2026-04-24 21:18:46,698 - ERROR - Insert failed at index 31: can't adapt type 'dict'
2026-04-24 21:18:46,710 - ERROR - Insert failed at index 32: can't adapt type 'dict'
2026-04-24 21:18:46,725 - ERROR - Insert failed at index 33: can't adapt type 'dict'
2026-04-24 21:18:46,736 - ERROR - Insert failed at index 34: can't adapt type 'dict'
2026-04-24 21:18:46,748 - ERROR - Insert failed at index 35: can't adapt type 'dict'
2026-04-24 21:18:46,789 - ERROR - Insert failed at index 36: can't adapt type 'dict'
2026-04-24 21:18:46,800 - ERROR - Insert failed at index 37: can't adapt type 'dict'
2026-04-24 21:18:46,813 - ERROR - Insert failed at index 38: can't adapt type 'dict'
2026-04-24 21:18:46,824 - ERROR - Insert failed at index 39: can't adapt type 'dict'
2026-04-24 21:18:46,836 - ERROR - Insert failed at index 40: can't adapt type 'dict'
2026-04-24 21:18:46,858 - ERROR - Insert failed at index 41: can't adapt type 'dict'
2026-04-24 21:18:46,871 - ERROR - Insert failed at index 42: can't adapt type 'dict'
2026-04-24 21:18:46,893 - ERROR - Insert failed at index 43: can't adapt type 'dict'
2026-04-24 21:18:46,904 - ERROR - Insert failed at index 44: can't adapt type 'dict'
2026-04-24 21:18:46,935 - ERROR - Insert failed at index 45: can't adapt type 'dict'
2026-04-24 21:18:46,946 - ERROR - Insert failed at index 46: can't adapt type 'dict'
2026-04-24 21:18:46,958 - ERROR - Insert failed at index 47: can't adapt type 'dict'
2026-04-24 21:18:46,980 - ERROR - Insert failed at index 48: can't adapt type 'dict'
2026-04-24 21:18:47,006 - ERROR - Insert failed at index 49: can't adapt type 'dict'
2026-04-24 21:18:47,022 - ERROR - Insert failed at index 50: can't adapt type 'dict'
2026-04-24 21:18:47,036 - ERROR - Insert failed at index 51: can't adapt type 'dict'
2026-04-24 21:18:47,052 - ERROR - Insert failed at index 52: can't adapt type 'dict'
2026-04-24 21:18:47,069 - ERROR - Insert failed at index 53: can't adapt type 'dict'
2026-04-24 21:18:47,086 - ERROR - Insert failed at index 54: can't adapt type 'dict'
2026-04-24 21:18:47,101 - ERROR - Insert failed at index 55: can't adapt type 'dict'
2026-04-24 21:18:47,130 - ERROR - Insert failed at index 56: can't adapt type 'dict'
2026-04-24 21:18:47,141 - ERROR - Insert failed at index 57: can't adapt type 'dict'
2026-04-24 21:18:47,154 - ERROR - Insert failed at index 58: can't adapt type 'dict'
2026-04-24 21:18:47,169 - ERROR - Insert failed at index 59: can't adapt type 'dict'
2026-04-24 21:18:47,180 - ERROR - Insert failed at index 60: can't adapt type 'dict'
2026-04-24 21:18:47,201 - ERROR - Insert failed at index 61: can't adapt type 'dict'
2026-04-24 21:18:47,229 - ERROR - Insert failed at index 62: can't adapt type 'dict'
2026-04-24 21:18:47,241 - ERROR - Insert failed at index 63: can't adapt type 'dict'
2026-04-24 21:18:47,253 - ERROR - Insert failed at index 64: can't adapt type 'dict'
2026-04-24 21:18:47,265 - ERROR - Insert failed at index 65: can't adapt type 'dict'
2026-04-24 21:18:47,291 - ERROR - Insert failed at index 66: can't adapt type 'dict'
2026-04-24 21:18:47,303 - ERROR - Insert failed at index 67: can't adapt type 'dict'
2026-04-24 21:18:47,324 - ERROR - Insert failed at index 68: can't adapt type 'dict'
2026-04-24 21:18:47,337 - ERROR - Insert failed at index 69: can't adapt type 'dict'
2026-04-24 21:18:47,349 - ERROR - Insert failed at index 70: can't adapt type 'dict'
2026-04-24 21:18:47,360 - ERROR - Insert failed at index 71: can't adapt type 'dict'
2026-04-24 21:18:47,373 - ERROR - Insert failed at index 72: can't adapt type 'dict'
2026-04-24 21:18:47,384 - ERROR - Insert failed at index 73: can't adapt type 'dict'
2026-04-24 21:18:47,413 - ERROR - Insert failed at index 74: can't adapt type 'dict'
2026-04-24 21:18:47,425 - ERROR - Insert failed at index 75: can't adapt type 'dict'
2026-04-24 21:18:47,455 - ERROR - Insert failed at index 76: can't adapt type 'dict'
2026-04-24 21:18:47,486 - ERROR - Insert failed at index 77: can't adapt type 'dict'
2026-04-24 21:18:47,514 - ERROR - Insert failed at index 78: can't adapt type 'dict'
2026-04-24 21:18:47,526 - ERROR - Insert failed at index 79: can't adapt type 'dict'
2026-04-24 21:18:47,537 - ERROR - Insert failed at index 80: can't adapt type 'dict'
2026-04-24 21:18:47,549 - ERROR - Insert failed at index 81: can't adapt type 'dict'
2026-04-24 21:18:47,571 - ERROR - Insert failed at index 82: can't adapt type 'dict'
2026-04-24 21:18:47,605 - ERROR - Insert failed at index 83: can't adapt type 'dict'
2026-04-24 21:18:47,618 - ERROR - Insert failed at index 84: can't adapt type 'dict'
2026-04-24 21:18:47,632 - ERROR - Insert failed at index 85: can't adapt type 'dict'
2026-04-24 21:18:47,644 - ERROR - Insert failed at index 86: can't adapt type 'dict'
2026-04-24 21:18:47,655 - ERROR - Insert failed at index 87: can't adapt type 'dict'
2026-04-24 21:18:47,667 - ERROR - Insert failed at index 88: can't adapt type 'dict'
2026-04-24 21:18:47,679 - ERROR - Insert failed at index 89: can't adapt type 'dict'
2026-04-24 21:18:47,693 - ERROR - Insert failed at index 90: can't adapt type 'dict'
2026-04-24 21:18:47,706 - ERROR - Insert failed at index 91: can't adapt type 'dict'
2026-04-24 21:18:47,717 - ERROR - Insert failed at index 92: can't adapt type 'dict'
2026-04-24 21:18:47,745 - ERROR - Insert failed at index 93: can't adapt type 'dict'
2026-04-24 21:18:47,757 - ERROR - Insert failed at index 94: can't adapt type 'dict'
2026-04-24 21:18:47,769 - ERROR - Insert failed at index 95: can't adapt type 'dict'
2026-04-24 21:18:47,800 - ERROR - Insert failed at index 96: can't adapt type 'dict'
2026-04-24 21:18:47,824 - ERROR - Insert failed at index 97: can't adapt type 'dict'
2026-04-24 21:18:47,847 - ERROR - Insert failed at index 98: can't adapt type 'dict'
2026-04-24 21:18:47,859 - ERROR - Insert failed at index 99: can't adapt type 'dict'
2026-04-24 21:18:47,871 - ERROR - Insert failed at index 100: can't adapt type 'dict'
2026-04-24 21:18:47,883 - ERROR - Insert failed at index 101: can't adapt type 'dict'
2026-04-24 21:18:47,896 - ERROR - Insert failed at index 102: can't adapt type 'dict'
2026-04-24 21:18:47,916 - ERROR - Insert failed at index 103: can't adapt type 'dict'
2026-04-24 21:18:47,929 - ERROR - Insert failed at index 104: can't adapt type 'dict'
2026-04-24 21:18:47,941 - ERROR - Insert failed at index 105: can't adapt type 'dict'
2026-04-24 21:18:47,979 - ERROR - Insert failed at index 106: can't adapt type 'dict'
2026-04-24 21:18:48,009 - ERROR - Insert failed at index 107: can't adapt type 'dict'
2026-04-24 21:18:48,045 - ERROR - Insert failed at index 108: can't adapt type 'dict'
2026-04-24 21:18:48,073 - ERROR - Insert failed at index 109: can't adapt type 'dict'
2026-04-24 21:18:48,112 - ERROR - Insert failed at index 110: can't adapt type 'dict'
2026-04-24 21:18:48,133 - ERROR - Insert failed at index 111: can't adapt type 'dict'
2026-04-24 21:18:48,162 - ERROR - Insert failed at index 112: can't adapt type 'dict'
2026-04-24 21:18:48,174 - ERROR - Insert failed at index 113: can't adapt type 'dict'
2026-04-24 21:18:48,185 - ERROR - Insert failed at index 114: can't adapt type 'dict'
2026-04-24 21:18:48,197 - ERROR - Insert failed at index 115: can't adapt type 'dict'
2026-04-24 21:18:48,218 - ERROR - Insert failed at index 116: can't adapt type 'dict'
2026-04-24 21:18:48,229 - ERROR - Insert failed at index 117: can't adapt type 'dict'
2026-04-24 21:18:48,256 - ERROR - Insert failed at index 118: can't adapt type 'dict'
2026-04-24 21:18:48,269 - ERROR - Insert failed at index 119: can't adapt type 'dict'
2026-04-24 21:18:48,300 - ERROR - Insert failed at index 120: can't adapt type 'dict'
2026-04-24 21:18:48,312 - ERROR - Insert failed at index 121: can't adapt type 'dict'
2026-04-24 21:18:48,324 - ERROR - Insert failed at index 122: can't adapt type 'dict'
2026-04-24 21:18:48,335 - ERROR - Insert failed at index 123: can't adapt type 'dict'
2026-04-24 21:18:48,347 - ERROR - Insert failed at index 124: can't adapt type 'dict'
2026-04-24 21:18:48,369 - ERROR - Insert failed at index 125: can't adapt type 'dict'
2026-04-24 21:18:48,381 - ERROR - Insert failed at index 126: can't adapt type 'dict'
2026-04-24 21:18:48,392 - ERROR - Insert failed at index 127: can't adapt type 'dict'
2026-04-24 21:18:48,404 - ERROR - Insert failed at index 128: can't adapt type 'dict'
2026-04-24 21:18:48,416 - ERROR - Insert failed at index 129: can't adapt type 'dict'
2026-04-24 21:18:48,427 - ERROR - Insert failed at index 130: can't adapt type 'dict'
2026-04-24 21:18:48,438 - ERROR - Insert failed at index 131: can't adapt type 'dict'
2026-04-24 21:18:48,450 - ERROR - Insert failed at index 132: can't adapt type 'dict'
2026-04-24 21:18:48,480 - ERROR - Insert failed at index 133: can't adapt type 'dict'
2026-04-24 21:18:48,492 - ERROR - Insert failed at index 134: can't adapt type 'dict'
2026-04-24 21:18:48,534 - ERROR - Insert failed at index 135: can't adapt type 'dict'
2026-04-24 21:18:48,545 - ERROR - Insert failed at index 136: can't adapt type 'dict'
2026-04-24 21:18:48,572 - ERROR - Insert failed at index 137: can't adapt type 'dict'
2026-04-24 21:18:48,584 - ERROR - Insert failed at index 138: can't adapt type 'dict'
2026-04-24 21:18:48,619 - ERROR - Insert failed at index 139: can't adapt type 'dict'
2026-04-24 21:18:48,641 - ERROR - Insert failed at index 140: can't adapt type 'dict'
2026-04-24 21:18:48,670 - ERROR - Insert failed at index 141: can't adapt type 'dict'
2026-04-24 21:18:48,682 - ERROR - Insert failed at index 142: can't adapt type 'dict'
2026-04-24 21:18:48,694 - ERROR - Insert failed at index 143: can't adapt type 'dict'
2026-04-24 21:18:48,706 - ERROR - Insert failed at index 144: can't adapt type 'dict'
2026-04-24 21:18:48,726 - ERROR - Insert failed at index 145: can't adapt type 'dict'
2026-04-24 21:18:48,738 - ERROR - Insert failed at index 146: can't adapt type 'dict'
2026-04-24 21:18:48,759 - ERROR - Insert failed at index 147: can't adapt type 'dict'
2026-04-24 21:18:48,772 - ERROR - Insert failed at index 148: can't adapt type 'dict'
2026-04-24 21:18:48,783 - ERROR - Insert failed at index 149: can't adapt type 'dict'
2026-04-24 21:18:48,795 - ERROR - Insert failed at index 150: can't adapt type 'dict'
2026-04-24 21:18:48,807 - ERROR - Insert failed at index 151: can't adapt type 'dict'
2026-04-24 21:18:48,834 - ERROR - Insert failed at index 152: can't adapt type 'dict'
2026-04-24 21:18:48,856 - ERROR - Insert failed at index 153: can't adapt type 'dict'
2026-04-24 21:18:48,880 - ERROR - Insert failed at index 154: can't adapt type 'dict'
2026-04-24 21:18:48,892 - ERROR - Insert failed at index 155: can't adapt type 'dict'
2026-04-24 21:18:48,903 - ERROR - Insert failed at index 156: can't adapt type 'dict'
2026-04-24 21:18:48,916 - ERROR - Insert failed at index 157: can't adapt type 'dict'
2026-04-24 21:18:48,927 - ERROR - Insert failed at index 158: can't adapt type 'dict'
2026-04-24 21:18:48,939 - ERROR - Insert failed at index 159: can't adapt type 'dict'
2026-04-24 21:18:48,969 - ERROR - Insert failed at index 160: can't adapt type 'dict'
2026-04-24 21:18:48,996 - ERROR - Insert failed at index 161: can't adapt type 'dict'
2026-04-24 21:18:49,008 - ERROR - Insert failed at index 162: can't adapt type 'dict'
2026-04-24 21:18:49,020 - ERROR - Insert failed at index 163: can't adapt type 'dict'
2026-04-24 21:18:49,032 - ERROR - Insert failed at index 164: can't adapt type 'dict'
2026-04-24 21:18:49,058 - ERROR - Insert failed at index 165: can't adapt type 'dict'
2026-04-24 21:18:49,086 - ERROR - Insert failed at index 166: can't adapt type 'dict'
2026-04-24 21:18:49,123 - ERROR - Insert failed at index 167: can't adapt type 'dict'
2026-04-24 21:18:49,152 - ERROR - Insert failed at index 168: can't adapt type 'dict'
2026-04-24 21:18:49,164 - ERROR - Insert failed at index 169: can't adapt type 'dict'
2026-04-24 21:18:49,176 - ERROR - Insert failed at index 170: can't adapt type 'dict'
2026-04-24 21:18:49,191 - ERROR - Insert failed at index 171: can't adapt type 'dict'
2026-04-24 21:18:49,204 - ERROR - Insert failed at index 172: can't adapt type 'dict'
2026-04-24 21:18:49,225 - ERROR - Insert failed at index 173: can't adapt type 'dict'
2026-04-24 21:18:49,237 - ERROR - Insert failed at index 174: can't adapt type 'dict'
2026-04-24 21:18:49,249 - ERROR - Insert failed at index 175: can't adapt type 'dict'
2026-04-24 21:18:49,284 - ERROR - Insert failed at index 176: can't adapt type 'dict'
2026-04-24 21:18:49,308 - ERROR - Insert failed at index 177: can't adapt type 'dict'
2026-04-24 21:18:49,320 - ERROR - Insert failed at index 178: can't adapt type 'dict'
2026-04-24 21:18:49,333 - ERROR - Insert failed at index 179: can't adapt type 'dict'
2026-04-24 21:18:49,363 - ERROR - Insert failed at index 180: can't adapt type 'dict'
2026-04-24 21:18:49,391 - ERROR - Insert failed at index 181: can't adapt type 'dict'
2026-04-24 21:18:49,403 - ERROR - Insert failed at index 182: can't adapt type 'dict'
2026-04-24 21:18:49,415 - ERROR - Insert failed at index 183: can't adapt type 'dict'
2026-04-24 21:18:49,440 - ERROR - Insert failed at index 184: can't adapt type 'dict'
2026-04-24 21:18:49,454 - ERROR - Insert failed at index 185: can't adapt type 'dict'
2026-04-24 21:18:49,466 - ERROR - Insert failed at index 186: can't adapt type 'dict'
2026-04-24 21:18:49,478 - ERROR - Insert failed at index 187: can't adapt type 'dict'
2026-04-24 21:18:49,490 - ERROR - Insert failed at index 188: can't adapt type 'dict'
2026-04-24 21:18:49,502 - ERROR - Insert failed at index 189: can't adapt type 'dict'
2026-04-24 21:18:49,513 - ERROR - Insert failed at index 190: can't adapt type 'dict'
2026-04-24 21:18:49,527 - ERROR - Insert failed at index 191: can't adapt type 'dict'
2026-04-24 21:18:49,538 - ERROR - Insert failed at index 192: can't adapt type 'dict'
2026-04-24 21:18:49,560 - ERROR - Insert failed at index 193: can't adapt type 'dict'
2026-04-24 21:18:49,572 - ERROR - Insert failed at index 194: can't adapt type 'dict'
2026-04-24 21:18:49,584 - ERROR - Insert failed at index 195: can't adapt type 'dict'
2026-04-24 21:18:49,612 - ERROR - Insert failed at index 196: can't adapt type 'dict'
2026-04-24 21:18:49,626 - ERROR - Insert failed at index 197: can't adapt type 'dict'
2026-04-24 21:18:49,638 - ERROR - Insert failed at index 198: can't adapt type 'dict'
2026-04-24 21:18:49,650 - ERROR - Insert failed at index 199: can't adapt type 'dict'
2026-04-24 21:18:49,663 - ERROR - Insert failed at index 200: can't adapt type 'dict'
2026-04-24 21:18:49,702 - ERROR - Insert failed at index 201: can't adapt type 'dict'
2026-04-24 21:18:49,715 - ERROR - Insert failed at index 202: can't adapt type 'dict'
2026-04-24 21:18:49,729 - ERROR - Insert failed at index 203: can't adapt type 'dict'
2026-04-24 21:18:49,742 - ERROR - Insert failed at index 204: can't adapt type 'dict'
2026-04-24 21:18:49,756 - ERROR - Insert failed at index 205: can't adapt type 'dict'
2026-04-24 21:18:49,779 - ERROR - Insert failed at index 206: can't adapt type 'dict'
2026-04-24 21:18:49,801 - ERROR - Insert failed at index 207: can't adapt type 'dict'
2026-04-24 21:18:49,815 - ERROR - Insert failed at index 208: can't adapt type 'dict'
2026-04-24 21:18:49,829 - ERROR - Insert failed at index 209: can't adapt type 'dict'
2026-04-24 21:18:49,844 - ERROR - Insert failed at index 210: can't adapt type 'dict'
2026-04-24 21:18:49,857 - ERROR - Insert failed at index 211: can't adapt type 'dict'
2026-04-24 21:18:49,870 - ERROR - Insert failed at index 212: can't adapt type 'dict'
2026-04-24 21:18:49,885 - ERROR - Insert failed at index 213: can't adapt type 'dict'
2026-04-24 21:18:49,899 - ERROR - Insert failed at index 214: can't adapt type 'dict'
2026-04-24 21:18:49,935 - ERROR - Insert failed at index 215: can't adapt type 'dict'
2026-04-24 21:18:49,950 - ERROR - Insert failed at index 216: can't adapt type 'dict'
2026-04-24 21:18:49,987 - ERROR - Insert failed at index 217: can't adapt type 'dict'
2026-04-24 21:18:50,001 - ERROR - Insert failed at index 218: can't adapt type 'dict'
2026-04-24 21:18:50,016 - ERROR - Insert failed at index 219: can't adapt type 'dict'
2026-04-24 21:18:50,047 - ERROR - Insert failed at index 220: can't adapt type 'dict'
2026-04-24 21:18:50,078 - ERROR - Insert failed at index 221: can't adapt type 'dict'
2026-04-24 21:18:50,093 - ERROR - Insert failed at index 222: can't adapt type 'dict'
2026-04-24 21:18:50,137 - ERROR - Insert failed at index 223: can't adapt type 'dict'
2026-04-24 21:18:50,152 - ERROR - Insert failed at index 224: can't adapt type 'dict'
2026-04-24 21:18:50,167 - ERROR - Insert failed at index 225: can't adapt type 'dict'
2026-04-24 21:18:50,183 - ERROR - Insert failed at index 226: can't adapt type 'dict'
2026-04-24 21:18:50,224 - ERROR - Insert failed at index 227: can't adapt type 'dict'
2026-04-24 21:18:50,250 - ERROR - Insert failed at index 228: can't adapt type 'dict'
2026-04-24 21:18:50,265 - ERROR - Insert failed at index 229: can't adapt type 'dict'
2026-04-24 21:18:50,279 - ERROR - Insert failed at index 230: can't adapt type 'dict'
2026-04-24 21:18:50,295 - ERROR - Insert failed at index 231: can't adapt type 'dict'
2026-04-24 21:18:50,311 - ERROR - Insert failed at index 232: can't adapt type 'dict'
2026-04-24 21:18:50,326 - ERROR - Insert failed at index 233: can't adapt type 'dict'
2026-04-24 21:18:50,342 - ERROR - Insert failed at index 234: can't adapt type 'dict'
2026-04-24 21:18:50,363 - ERROR - Insert failed at index 235: can't adapt type 'dict'
2026-04-24 21:18:50,388 - ERROR - Insert failed at index 236: can't adapt type 'dict'
2026-04-24 21:18:50,405 - ERROR - Insert failed at index 237: can't adapt type 'dict'
2026-04-24 21:18:50,420 - ERROR - Insert failed at index 238: can't adapt type 'dict'
2026-04-24 21:18:50,435 - ERROR - Insert failed at index 239: can't adapt type 'dict'
2026-04-24 21:18:50,450 - ERROR - Insert failed at index 240: can't adapt type 'dict'
2026-04-24 21:18:50,464 - ERROR - Insert failed at index 241: can't adapt type 'dict'
2026-04-24 21:18:50,478 - ERROR - Insert failed at index 242: can't adapt type 'dict'
2026-04-24 21:18:50,493 - ERROR - Insert failed at index 243: can't adapt type 'dict'
2026-04-24 21:18:50,515 - ERROR - Insert failed at index 244: can't adapt type 'dict'
2026-04-24 21:18:50,543 - ERROR - Insert failed at index 245: can't adapt type 'dict'
2026-04-24 21:18:50,556 - ERROR - Insert failed at index 246: can't adapt type 'dict'
2026-04-24 21:18:50,570 - ERROR - Insert failed at index 247: can't adapt type 'dict'
2026-04-24 21:18:50,592 - ERROR - Insert failed at index 248: can't adapt type 'dict'
2026-04-24 21:18:50,604 - ERROR - Insert failed at index 249: can't adapt type 'dict'
2026-04-24 21:18:50,633 - ERROR - Insert failed at index 250: can't adapt type 'dict'
2026-04-24 21:18:50,656 - ERROR - Insert failed at index 251: can't adapt type 'dict'
2026-04-24 21:18:50,667 - ERROR - Insert failed at index 252: can't adapt type 'dict'
2026-04-24 21:18:50,679 - ERROR - Insert failed at index 253: can't adapt type 'dict'
2026-04-24 21:18:50,691 - ERROR - Insert failed at index 254: can't adapt type 'dict'
2026-04-24 21:18:50,703 - ERROR - Insert failed at index 255: can't adapt type 'dict'
2026-04-24 21:18:50,714 - ERROR - Insert failed at index 256: can't adapt type 'dict'
2026-04-24 21:18:50,726 - ERROR - Insert failed at index 257: can't adapt type 'dict'
2026-04-24 21:18:50,755 - ERROR - Insert failed at index 258: can't adapt type 'dict'
2026-04-24 21:18:50,767 - ERROR - Insert failed at index 259: can't adapt type 'dict'
2026-04-24 21:18:50,779 - ERROR - Insert failed at index 260: can't adapt type 'dict'
2026-04-24 21:18:50,791 - ERROR - Insert failed at index 261: can't adapt type 'dict'
2026-04-24 21:18:50,822 - ERROR - Insert failed at index 262: can't adapt type 'dict'
2026-04-24 21:18:50,834 - ERROR - Insert failed at index 263: can't adapt type 'dict'
2026-04-24 21:18:50,847 - ERROR - Insert failed at index 264: can't adapt type 'dict'
2026-04-24 21:18:50,869 - ERROR - Insert failed at index 265: can't adapt type 'dict'
2026-04-24 21:18:50,882 - ERROR - Insert failed at index 266: can't adapt type 'dict'
2026-04-24 21:18:50,893 - ERROR - Insert failed at index 267: can't adapt type 'dict'
2026-04-24 21:18:50,904 - ERROR - Insert failed at index 268: can't adapt type 'dict'
2026-04-24 21:18:50,916 - ERROR - Insert failed at index 269: can't adapt type 'dict'
2026-04-24 21:18:50,927 - ERROR - Insert failed at index 270: can't adapt type 'dict'
2026-04-24 21:18:50,948 - ERROR - Insert failed at index 271: can't adapt type 'dict'
2026-04-24 21:18:50,960 - ERROR - Insert failed at index 272: can't adapt type 'dict'
2026-04-24 21:18:50,992 - ERROR - Insert failed at index 273: can't adapt type 'dict'
2026-04-24 21:18:51,004 - ERROR - Insert failed at index 274: can't adapt type 'dict'
2026-04-24 21:18:51,015 - ERROR - Insert failed at index 275: can't adapt type 'dict'
2026-04-24 21:18:51,028 - ERROR - Insert failed at index 276: can't adapt type 'dict'
2026-04-24 21:18:51,040 - ERROR - Insert failed at index 277: can't adapt type 'dict'
2026-04-24 21:18:51,052 - ERROR - Insert failed at index 278: can't adapt type 'dict'
2026-04-24 21:18:51,079 - ERROR - Insert failed at index 279: can't adapt type 'dict'
2026-04-24 21:18:51,092 - ERROR - Insert failed at index 280: can't adapt type 'dict'
2026-04-24 21:18:51,123 - ERROR - Insert failed at index 281: can't adapt type 'dict'
2026-04-24 21:18:51,152 - ERROR - Insert failed at index 282: can't adapt type 'dict'
2026-04-24 21:18:51,166 - ERROR - Insert failed at index 283: can't adapt type 'dict'
2026-04-24 21:18:51,190 - ERROR - Insert failed at index 284: can't adapt type 'dict'
2026-04-24 21:18:51,212 - ERROR - Insert failed at index 285: can't adapt type 'dict'
2026-04-24 21:18:51,252 - ERROR - Insert failed at index 286: can't adapt type 'dict'
2026-04-24 21:18:51,289 - ERROR - Insert failed at index 287: can't adapt type 'dict'
2026-04-24 21:18:51,309 - ERROR - Insert failed at index 288: can't adapt type 'dict'
2026-04-24 21:18:51,327 - ERROR - Insert failed at index 289: can't adapt type 'dict'
2026-04-24 21:18:51,341 - ERROR - Insert failed at index 290: can't adapt type 'dict'
2026-04-24 21:18:51,356 - ERROR - Insert failed at index 291: can't adapt type 'dict'
2026-04-24 21:18:51,385 - ERROR - Insert failed at index 292: can't adapt type 'dict'
2026-04-24 21:18:51,407 - ERROR - Insert failed at index 293: can't adapt type 'dict'
2026-04-24 21:18:51,437 - ERROR - Insert failed at index 294: can't adapt type 'dict'
2026-04-24 21:18:51,467 - ERROR - Insert failed at index 295: can't adapt type 'dict'
2026-04-24 21:18:51,480 - ERROR - Insert failed at index 296: can't adapt type 'dict'
2026-04-24 21:18:51,492 - ERROR - Insert failed at index 297: can't adapt type 'dict'
2026-04-24 21:18:51,506 - ERROR - Insert failed at index 298: can't adapt type 'dict'
2026-04-24 21:18:51,534 - ERROR - Insert failed at index 299: can't adapt type 'dict'
2026-04-24 21:18:51,558 - ERROR - Insert failed at index 300: can't adapt type 'dict'
2026-04-24 21:18:51,571 - ERROR - Insert failed at index 301: can't adapt type 'dict'
2026-04-24 21:18:51,596 - ERROR - Insert failed at index 302: can't adapt type 'dict'
2026-04-24 21:18:51,622 - ERROR - Insert failed at index 303: can't adapt type 'dict'
2026-04-24 21:18:51,647 - ERROR - Insert failed at index 304: can't adapt type 'dict'
2026-04-24 21:18:51,659 - ERROR - Insert failed at index 305: can't adapt type 'dict'
2026-04-24 21:18:51,689 - ERROR - Insert failed at index 306: can't adapt type 'dict'
2026-04-24 21:18:51,712 - ERROR - Insert failed at index 307: can't adapt type 'dict'
2026-04-24 21:18:51,742 - ERROR - Insert failed at index 308: can't adapt type 'dict'
2026-04-24 21:18:51,778 - ERROR - Insert failed at index 309: can't adapt type 'dict'
2026-04-24 21:18:51,807 - ERROR - Insert failed at index 310: can't adapt type 'dict'
2026-04-24 21:18:51,819 - ERROR - Insert failed at index 311: can't adapt type 'dict'
2026-04-24 21:18:51,846 - ERROR - Insert failed at index 312: can't adapt type 'dict'
2026-04-24 21:18:51,858 - ERROR - Insert failed at index 313: can't adapt type 'dict'
2026-04-24 21:18:51,870 - ERROR - Insert failed at index 314: can't adapt type 'dict'
2026-04-24 21:18:51,892 - ERROR - Insert failed at index 315: can't adapt type 'dict'
2026-04-24 21:18:51,905 - ERROR - Insert failed at index 316: can't adapt type 'dict'
2026-04-24 21:18:51,918 - ERROR - Insert failed at index 317: can't adapt type 'dict'
2026-04-24 21:18:51,930 - ERROR - Insert failed at index 318: can't adapt type 'dict'
2026-04-24 21:18:51,954 - ERROR - Insert failed at index 319: can't adapt type 'dict'
2026-04-24 21:18:51,970 - ERROR - Insert failed at index 320: can't adapt type 'dict'
2026-04-24 21:18:51,983 - ERROR - Insert failed at index 321: can't adapt type 'dict'
2026-04-24 21:18:52,012 - ERROR - Insert failed at index 322: can't adapt type 'dict'
2026-04-24 21:18:52,025 - ERROR - Insert failed at index 323: can't adapt type 'dict'
2026-04-24 21:18:52,056 - ERROR - Insert failed at index 324: can't adapt type 'dict'
2026-04-24 21:18:52,070 - ERROR - Insert failed at index 325: can't adapt type 'dict'
2026-04-24 21:18:52,100 - ERROR - Insert failed at index 326: can't adapt type 'dict'
2026-04-24 21:18:52,134 - ERROR - Insert failed at index 327: can't adapt type 'dict'
2026-04-24 21:18:52,154 - ERROR - Insert failed at index 328: can't adapt type 'dict'
2026-04-24 21:18:52,166 - ERROR - Insert failed at index 329: can't adapt type 'dict'
2026-04-24 21:18:52,189 - ERROR - Insert failed at index 330: can't adapt type 'dict'
2026-04-24 21:18:52,200 - ERROR - Insert failed at index 331: can't adapt type 'dict'
2026-04-24 21:18:52,213 - ERROR - Insert failed at index 332: can't adapt type 'dict'
2026-04-24 21:18:52,226 - ERROR - Insert failed at index 333: can't adapt type 'dict'
2026-04-24 21:18:52,240 - ERROR - Insert failed at index 334: can't adapt type 'dict'
2026-04-24 21:18:52,254 - ERROR - Insert failed at index 335: can't adapt type 'dict'
2026-04-24 21:18:52,265 - ERROR - Insert failed at index 336: can't adapt type 'dict'
2026-04-24 21:18:52,277 - ERROR - Insert failed at index 337: can't adapt type 'dict'
2026-04-24 21:18:52,304 - ERROR - Insert failed at index 338: can't adapt type 'dict'
2026-04-24 21:18:52,337 - ERROR - Insert failed at index 339: can't adapt type 'dict'
2026-04-24 21:18:52,349 - ERROR - Insert failed at index 340: can't adapt type 'dict'
2026-04-24 21:18:52,369 - ERROR - Insert failed at index 341: can't adapt type 'dict'
2026-04-24 21:18:52,381 - ERROR - Insert failed at index 342: can't adapt type 'dict'
2026-04-24 21:18:52,392 - ERROR - Insert failed at index 343: can't adapt type 'dict'
2026-04-24 21:18:52,404 - ERROR - Insert failed at index 344: can't adapt type 'dict'
2026-04-24 21:18:52,434 - ERROR - Insert failed at index 345: can't adapt type 'dict'
2026-04-24 21:18:52,467 - ERROR - Insert failed at index 346: can't adapt type 'dict'
2026-04-24 21:18:52,500 - ERROR - Insert failed at index 347: can't adapt type 'dict'
2026-04-24 21:18:52,515 - ERROR - Insert failed at index 348: can't adapt type 'dict'
2026-04-24 21:18:52,533 - ERROR - Insert failed at index 349: can't adapt type 'dict'
2026-04-24 21:18:52,545 - ERROR - Insert failed at index 350: can't adapt type 'dict'
2026-04-24 21:18:52,558 - ERROR - Insert failed at index 351: can't adapt type 'dict'
2026-04-24 21:18:52,571 - ERROR - Insert failed at index 352: can't adapt type 'dict'
2026-04-24 21:18:52,584 - ERROR - Insert failed at index 353: can't adapt type 'dict'
2026-04-24 21:18:52,597 - ERROR - Insert failed at index 354: can't adapt type 'dict'
2026-04-24 21:18:52,609 - ERROR - Insert failed at index 355: can't adapt type 'dict'
2026-04-24 21:18:52,625 - ERROR - Insert failed at index 356: can't adapt type 'dict'
2026-04-24 21:18:52,635 - ERROR - Insert failed at index 357: can't adapt type 'dict'
2026-04-24 21:18:52,648 - ERROR - Insert failed at index 358: can't adapt type 'dict'
2026-04-24 21:18:52,659 - ERROR - Insert failed at index 359: can't adapt type 'dict'
2026-04-24 21:18:52,671 - ERROR - Insert failed at index 360: can't adapt type 'dict'
2026-04-24 21:18:52,683 - ERROR - Insert failed at index 361: can't adapt type 'dict'
2026-04-24 21:18:52,705 - ERROR - Insert failed at index 362: can't adapt type 'dict'
2026-04-24 21:18:52,716 - ERROR - Insert failed at index 363: can't adapt type 'dict'
2026-04-24 21:18:52,727 - ERROR - Insert failed at index 364: can't adapt type 'dict'
2026-04-24 21:18:52,740 - ERROR - Insert failed at index 365: can't adapt type 'dict'
2026-04-24 21:18:52,760 - ERROR - Insert failed at index 366: can't adapt type 'dict'
2026-04-24 21:18:52,772 - ERROR - Insert failed at index 367: can't adapt type 'dict'
2026-04-24 21:18:52,784 - ERROR - Insert failed at index 368: can't adapt type 'dict'
2026-04-24 21:18:52,795 - ERROR - Insert failed at index 369: can't adapt type 'dict'
2026-04-24 21:18:52,825 - ERROR - Insert failed at index 370: can't adapt type 'dict'
2026-04-24 21:18:52,851 - ERROR - Insert failed at index 371: can't adapt type 'dict'
2026-04-24 21:18:52,880 - ERROR - Insert failed at index 372: can't adapt type 'dict'
2026-04-24 21:18:52,906 - ERROR - Insert failed at index 373: can't adapt type 'dict'
2026-04-24 21:18:52,938 - ERROR - Insert failed at index 374: can't adapt type 'dict'
2026-04-24 21:18:52,955 - ERROR - 'access_control'
2026-04-24 21:23:07,666 - ERROR - relation "document_embeddings" does not exist
LINE 4:         FROM document_embeddings
                     ^

2026-04-24 21:27:49,995 - INFO - Processed 0/375 chunks
2026-04-24 21:28:02,108 - INFO - Processed 50/375 chunks
2026-04-24 21:28:15,132 - INFO - Processed 100/375 chunks
2026-04-24 21:28:30,345 - INFO - Processed 150/375 chunks
2026-04-24 21:28:44,837 - INFO - Processed 200/375 chunks
2026-04-24 21:28:56,590 - INFO - Processed 250/375 chunks
2026-04-24 21:29:09,309 - INFO - Processed 300/375 chunks
2026-04-24 21:29:21,950 - INFO - Processed 350/375 chunks
2026-04-24 21:29:29,625 - INFO - Inserted 0/375 rows
2026-04-24 21:29:30,800 - INFO - Inserted 50/375 rows
2026-04-24 21:29:32,405 - INFO - Inserted 100/375 rows
2026-04-24 21:29:33,469 - INFO - Inserted 150/375 rows
2026-04-24 21:29:34,639 - INFO - Inserted 200/375 rows
2026-04-24 21:29:35,705 - INFO - Inserted 250/375 rows
2026-04-24 21:29:36,758 - INFO - Inserted 300/375 rows
2026-04-24 21:29:37,832 - INFO - Inserted 350/375 rows
2026-04-24 21:33:15,843 - WARNING - Invalid query detected: How is weather today ?
2026-04-24 21:40:22,720 - WARNING - Invalid query detected: How is weather today ?
2026-04-25 09:08:59,888 - ERROR - RAG pipeline failed: Error 10061 connecting to localhost:6379. No connection could be made because the target machine actively refused it.
2026-04-25 09:09:45,691 - ERROR - RAG pipeline failed: Error 10061 connecting to localhost:6379. No connection could be made because the target machine actively refused it.
